[debug] [2018-04-19T14:49:29.116Z] ----------------------------------------------------------------------
[debug] [2018-04-19T14:49:29.116Z] Command:       C:\Program Files\nodejs\node.exe C:\Users\Yingxu He\AppData\Roaming\npm\node_modules\firebase-tools\bin\firebase serve
[debug] [2018-04-19T14:49:29.116Z] CLI Version:   3.17.7
[debug] [2018-04-19T14:49:29.116Z] Platform:      win32
[debug] [2018-04-19T14:49:29.116Z] Node Version:  v9.4.0
[debug] [2018-04-19T14:49:29.116Z] Time:          Thu Apr 19 2018 22:49:29 GMT+0800 (Malay Peninsula Standard Time)
[debug] [2018-04-19T14:49:29.116Z] ----------------------------------------------------------------------
[debug] 
[debug] [2018-04-19T14:49:29.225Z] > command requires scopes: ["email","openid","https://www.googleapis.com/auth/cloudplatformprojects.readonly","https://www.googleapis.com/auth/firebase","https://www.googleapis.com/auth/cloud-platform"]
[debug] [2018-04-19T14:49:29.225Z] > authorizing via signed-in user
[debug] [2018-04-19T14:49:29.240Z] > refreshing access token with scopes: ["email","https://www.googleapis.com/auth/cloud-platform","https://www.googleapis.com/auth/cloudplatformprojects.readonly","https://www.googleapis.com/auth/firebase","openid"]
[debug] [2018-04-19T14:49:29.240Z] >>> HTTP REQUEST POST https://www.googleapis.com/oauth2/v3/token  
 { refresh_token: '1/PSNB9LdT9v4MIIflqGGAras5MghePLSGRahS_3DnMZU',
  client_id: '563584335869-fgrhgmd47bqnekij5i8b5pr03ho849e6.apps.googleusercontent.com',
  client_secret: 'j9iVZfS8kkCEFUPaAeJV0sAi',
  grant_type: 'refresh_token',
  scope: 'email https://www.googleapis.com/auth/cloud-platform https://www.googleapis.com/auth/cloudplatformprojects.readonly https://www.googleapis.com/auth/firebase openid' } 
 Thu Apr 19 2018 22:49:29 GMT+0800 (Malay Peninsula Standard Time)
[debug] [2018-04-19T14:49:29.371Z] <<< HTTP RESPONSE 200
[debug] [2018-04-19T14:49:29.495Z] >>> HTTP REQUEST GET https://admin.firebase.com/v1/projects/bt3103-hosting  
  
 Thu Apr 19 2018 22:49:29 GMT+0800 (Malay Peninsula Standard Time)
[debug] [2018-04-19T14:49:30.793Z] <<< HTTP RESPONSE 200
[debug] [2018-04-19T14:49:30.808Z] >>> HTTP REQUEST GET https://admin.firebase.com/v1/database/bt3103-hosting/tokens  
  
 Thu Apr 19 2018 22:49:30 GMT+0800 (Malay Peninsula Standard Time)
[debug] [2018-04-19T14:49:31.689Z] <<< HTTP RESPONSE 200
[debug] [2018-04-19T14:49:31.689Z] >>> HTTP REQUEST GET https://cloudresourcemanager.googleapis.com/v1/projects/bt3103-hosting  
  
 Thu Apr 19 2018 22:49:31 GMT+0800 (Malay Peninsula Standard Time)
[debug] [2018-04-19T14:49:33.049Z] <<< HTTP RESPONSE 200
[info] 
[info] === Serving from 'H:\react_code\BT3103 Project'...
[info] 
[debug] [2018-04-19T14:49:33.053Z] >>> HTTP REQUEST GET https://mobilesdk-pa.googleapis.com/v1/projects/826697962498/clients/_:getWebAppConfig  
  
 Thu Apr 19 2018 22:49:33 GMT+0800 (Malay Peninsula Standard Time)
[debug] [2018-04-19T14:49:33.729Z] <<< HTTP RESPONSE 200
[info] i  hosting: Serving hosting files from: build
[info] +  hosting: Local server: http://localhost:5000

